{"level":"info","method":"GET","path":"/swagger/index.html","time":1712735230,"message":"Request received"}
{"level":"info","method":"GET","path":"/swagger/index.html","duration":1.1963,"time":1712735230,"message":"Request completed"}
{"level":"info","method":"GET","path":"/swagger/swagger-ui.css","time":1712735230,"message":"Request received"}
{"level":"info","method":"GET","path":"/swagger/swagger-ui-bundle.js","time":1712735230,"message":"Request received"}
{"level":"info","method":"GET","path":"/swagger/swagger-ui.css","duration":0.5213,"time":1712735230,"message":"Request completed"}
{"level":"info","method":"GET","path":"/swagger/swagger-ui-standalone-preset.js","time":1712735230,"message":"Request received"}
{"level":"info","method":"GET","path":"/swagger/swagger-ui-standalone-preset.js","duration":0.5464,"time":1712735230,"message":"Request completed"}
{"level":"info","method":"GET","path":"/swagger/swagger-ui-bundle.js","duration":10.0987,"time":1712735230,"message":"Request completed"}
{"level":"info","method":"GET","path":"/swagger/doc.json","time":1712735230,"message":"Request received"}
{"level":"info","method":"GET","path":"/swagger/doc.json","duration":9.0314,"time":1712735230,"message":"Request completed"}
{"level":"info","method":"GET","path":"/activities","time":1712735269,"message":"Request received"}
{"level":"info","method":"GET","path":"/activities","duration":1.1056,"time":1712735269,"message":"Request completed"}
{"level":"info","method":"GET","path":"/activities","time":1712735280,"message":"Request received"}
{"level":"info","method":"GET","path":"/activities","duration":0.843,"time":1712735280,"message":"Request completed"}
{"level":"info","method":"GET","path":"/news","time":1712735315,"message":"Request received"}
{"level":"info","method":"GET","path":"/news","duration":1.1796,"time":1712735315,"message":"Request completed"}
{"level":"info","method":"GET","path":"/news","time":1712735393,"message":"Request received"}
{"level":"info","method":"GET","path":"/news","duration":1.0902,"time":1712735393,"message":"Request completed"}
{"level":"info","method":"GET","path":"/activities","time":1712736413,"message":"Request received"}
{"level":"info","method":"GET","path":"/activities","duration":1.4839,"time":1712736413,"message":"Request completed"}
{"level":"info","method":"GET","path":"/activities","time":1712736669,"message":"Request received"}
{"level":"info","method":"GET","path":"/activities","duration":1.1094,"time":1712736669,"message":"Request completed"}
{"level":"info","method":"GET","path":"/news","time":1712737484,"message":"Request received"}
{"level":"info","method":"GET","path":"/news","duration":1.6139,"time":1712737484,"message":"Request completed"}
{"level":"info","method":"GET","path":"/swagger/index.html","time":1712903077,"message":"Request received"}
{"level":"info","method":"GET","path":"/swagger/index.html","duration":1.6634,"time":1712903077,"message":"Request completed"}
{"level":"info","method":"GET","path":"/swagger/swagger-ui.css","time":1712903077,"message":"Request received"}
{"level":"info","method":"GET","path":"/swagger/swagger-ui.css","duration":1.6035,"time":1712903077,"message":"Request completed"}
{"level":"info","method":"GET","path":"/swagger/swagger-ui-bundle.js","time":1712903077,"message":"Request received"}
{"level":"info","method":"GET","path":"/swagger/swagger-ui-standalone-preset.js","time":1712903077,"message":"Request received"}
{"level":"info","method":"GET","path":"/swagger/swagger-ui-standalone-preset.js","duration":1.6779,"time":1712903077,"message":"Request completed"}
{"level":"info","method":"GET","path":"/swagger/swagger-ui-bundle.js","duration":11.431,"time":1712903077,"message":"Request completed"}
{"level":"info","method":"GET","path":"/swagger/doc.json","time":1712903077,"message":"Request received"}
{"level":"info","method":"GET","path":"/swagger/doc.json","duration":1.0442,"time":1712903077,"message":"Request completed"}
{"level":"info","method":"GET","path":"/activities","time":1712903091,"message":"Request received"}
{"level":"info","method":"GET","path":"/activities","duration":1.4998,"time":1712903091,"message":"Request completed"}
{"level":"info","method":"GET","path":"/swagger/index.html","time":1712903115,"message":"Request received"}
{"level":"info","method":"GET","path":"/swagger/index.html","duration":4.0098,"time":1712903115,"message":"Request completed"}
{"level":"info","method":"GET","path":"/swagger/swagger-ui.css","time":1712903115,"message":"Request received"}
{"level":"info","method":"GET","path":"/swagger/swagger-ui-bundle.js","time":1712903115,"message":"Request received"}
{"level":"info","method":"GET","path":"/swagger/swagger-ui-bundle.js","duration":0.7031,"time":1712903115,"message":"Request completed"}
{"level":"info","method":"GET","path":"/swagger/swagger-ui-standalone-preset.js","time":1712903115,"message":"Request received"}
{"level":"info","method":"GET","path":"/swagger/swagger-ui.css","duration":11.6484,"time":1712903115,"message":"Request completed"}
{"level":"info","method":"GET","path":"/swagger/swagger-ui-standalone-preset.js","duration":0.6196,"time":1712903115,"message":"Request completed"}
{"level":"info","method":"GET","path":"/swagger/doc.json","time":1712903115,"message":"Request received"}
{"level":"info","method":"GET","path":"/swagger/doc.json","duration":10.8161,"time":1712903115,"message":"Request completed"}
{"level":"info","method":"GET","path":"/swagger/index.html","time":1712903271,"message":"Request received"}
{"level":"info","method":"GET","path":"/swagger/index.html","duration":1.6017,"time":1712903271,"message":"Request completed"}
{"level":"info","method":"GET","path":"/swagger/swagger-ui.css","time":1712903271,"message":"Request received"}
{"level":"info","method":"GET","path":"/swagger/swagger-ui.css","duration":1.2526,"time":1712903271,"message":"Request completed"}
{"level":"info","method":"GET","path":"/swagger/swagger-ui-bundle.js","time":1712903271,"message":"Request received"}
{"level":"info","method":"GET","path":"/swagger/swagger-ui-standalone-preset.js","time":1712903271,"message":"Request received"}
{"level":"info","method":"GET","path":"/swagger/swagger-ui-standalone-preset.js","duration":0.6508,"time":1712903271,"message":"Request completed"}
{"level":"info","method":"GET","path":"/swagger/swagger-ui-bundle.js","duration":6.9187,"time":1712903271,"message":"Request completed"}
{"level":"info","method":"GET","path":"/swagger/doc.json","time":1712903271,"message":"Request received"}
{"level":"info","method":"GET","path":"/swagger/doc.json","duration":3.0583,"time":1712903271,"message":"Request completed"}
{"level":"info","method":"GET","path":"/swagger/favicon-32x32.png","time":1712903271,"message":"Request received"}
{"level":"info","method":"GET","path":"/swagger/favicon-32x32.png","duration":0,"time":1712903271,"message":"Request completed"}
{"level":"info","method":"GET","path":"/swagger/index.html","time":1712903386,"message":"Request received"}
{"level":"info","method":"GET","path":"/swagger/index.html","duration":0.5138,"time":1712903386,"message":"Request completed"}
{"level":"info","method":"GET","path":"/swagger/swagger-ui.css","time":1712903386,"message":"Request received"}
{"level":"info","method":"GET","path":"/swagger/swagger-ui.css","duration":1.839,"time":1712903386,"message":"Request completed"}
{"level":"info","method":"GET","path":"/swagger/swagger-ui-bundle.js","time":1712903386,"message":"Request received"}
{"level":"info","method":"GET","path":"/swagger/swagger-ui-standalone-preset.js","time":1712903386,"message":"Request received"}
{"level":"info","method":"GET","path":"/swagger/swagger-ui-standalone-preset.js","duration":2.4162,"time":1712903386,"message":"Request completed"}
{"level":"info","method":"GET","path":"/swagger/swagger-ui-bundle.js","duration":49.6893,"time":1712903386,"message":"Request completed"}
{"level":"info","method":"GET","path":"/swagger/doc.json","time":1712903386,"message":"Request received"}
{"level":"info","method":"GET","path":"/swagger/doc.json","duration":1.462,"time":1712903386,"message":"Request completed"}
{"level":"info","method":"GET","path":"/swagger/favicon-32x32.png","time":1712903386,"message":"Request received"}
{"level":"info","method":"GET","path":"/swagger/favicon-32x32.png","duration":0.4533,"time":1712903386,"message":"Request completed"}
{"level":"info","method":"GET","path":"/swagger/index.html","time":1712906389,"message":"Request received"}
{"level":"info","method":"GET","path":"/swagger/index.html","duration":1.5024,"time":1712906389,"message":"Request completed"}
{"level":"info","method":"GET","path":"/swagger/swagger-ui.css","time":1712906389,"message":"Request received"}
{"level":"info","method":"GET","path":"/swagger/swagger-ui.css","duration":1.5952,"time":1712906389,"message":"Request completed"}
{"level":"info","method":"GET","path":"/swagger/swagger-ui-bundle.js","time":1712906389,"message":"Request received"}
{"level":"info","method":"GET","path":"/swagger/swagger-ui-standalone-preset.js","time":1712906389,"message":"Request received"}
{"level":"info","method":"GET","path":"/swagger/swagger-ui-standalone-preset.js","duration":1.6467,"time":1712906389,"message":"Request completed"}
{"level":"info","method":"GET","path":"/swagger/swagger-ui-bundle.js","duration":71.0662,"time":1712906389,"message":"Request completed"}
{"level":"info","method":"GET","path":"/swagger/doc.json","time":1712906389,"message":"Request received"}
{"level":"info","method":"GET","path":"/swagger/doc.json","duration":1.1591,"time":1712906389,"message":"Request completed"}
{"level":"info","method":"GET","path":"/swagger/favicon-32x32.png","time":1712906389,"message":"Request received"}
{"level":"info","method":"GET","path":"/swagger/favicon-32x32.png","duration":0.6696,"time":1712906389,"message":"Request completed"}
{"level":"info","method":"GET","path":"/activities/","time":1712906392,"message":"Request received"}
{"level":"info","method":"GET","path":"/activities/","duration":2.5319,"time":1712906392,"message":"Request completed"}
{"level":"info","method":"GET","path":"/swagger/index.html","time":1714393200,"message":"Request received"}
{"level":"info","method":"GET","path":"/swagger/index.html","duration":1.6128,"time":1714393200,"message":"Request completed"}
{"level":"info","method":"GET","path":"/swagger/swagger-ui.css","time":1714393200,"message":"Request received"}
{"level":"info","method":"GET","path":"/swagger/swagger-ui.css","duration":2.0696,"time":1714393200,"message":"Request completed"}
{"level":"info","method":"GET","path":"/swagger/swagger-ui-bundle.js","time":1714393200,"message":"Request received"}
{"level":"info","method":"GET","path":"/swagger/swagger-ui-standalone-preset.js","time":1714393200,"message":"Request received"}
{"level":"info","method":"GET","path":"/swagger/swagger-ui-standalone-preset.js","duration":1.6887,"time":1714393200,"message":"Request completed"}
{"level":"info","method":"GET","path":"/swagger/swagger-ui-bundle.js","duration":11.1758,"time":1714393200,"message":"Request completed"}
{"level":"info","method":"GET","path":"/swagger/doc.json","time":1714393201,"message":"Request received"}
{"level":"info","method":"GET","path":"/swagger/doc.json","duration":1.4276,"time":1714393201,"message":"Request completed"}
{"level":"info","method":"GET","path":"/swagger/favicon-32x32.png","time":1714393201,"message":"Request received"}
{"level":"info","method":"GET","path":"/swagger/favicon-32x32.png","duration":0.1653,"time":1714393201,"message":"Request completed"}
{"level":"info","method":"GET","path":"/activities/","time":1714393207,"message":"Request received"}
{"level":"info","method":"GET","path":"/activities/","duration":1.2163,"time":1714393207,"message":"Request completed"}
